100 100
0    1.30833140517 1.30308907701 NONE
1    -2.04338641687 -0.937475588191 NONE
2    1.54370846398 1.26066219242 NONE
3    -2.37368130247 1.37984840342 NONE
4    0.953591745907 0.192831609849 NONE
5    -1.81031563078 -2.92885344454 NONE
6    -0.608302455002 -1.85152287262 NONE
7    -1.55877236579 -0.637549778135 NONE
8    -2.09411255951 -1.99493660171 NONE
9    0.58346000411 1.05949084981 NONE
10    0.888932715304 0.364148257615 NONE
11    2.84474735658 0.538487617481 NONE
12    0.583165619982 -1.36648627535 NONE
13    1.09105000594 -2.31356693583 NONE
14    2.08970375306 -1.53220616245 NONE
15    0.934725623746 2.47468091983 NONE
16    0.673632432062 2.60250335557 NONE
17    -2.26757564207 -0.455868770965 NONE
18    1.88065735937 -0.619678132221 NONE
19    2.39114927375 2.39868748056 NONE
20    -2.15681480304 -2.12770299705 NONE
21    1.56453108762 -0.116706470753 NONE
22    2.16481355905 0.982417248576 NONE
23    1.23919213134 -2.92787698625 NONE
24    -2.12650181839 0.448329806126 NONE
25    -2.66308348348 -1.0404485919 NONE
26    0.0752847916676 0.115942129829 NONE
27    -2.02960199138 -2.50778430206 NONE
28    1.56406692246 1.32026408688 NONE
29    -2.85091475812 0.538905794262 NONE
30    0.354229709331 -0.61495379184 NONE
31    -0.70635931682 1.75134371772 NONE
32    -2.08726206285 -0.0773771186542 NONE
33    -1.65609673637 -0.0872496728953 NONE
34    -2.49345691225 2.01281166061 NONE
35    -2.62504222875 2.68019002817 NONE
36    -0.377569141343 2.96866376352 NONE
37    2.95058317407 -1.20376163238 NONE
38    -2.88368785829 2.30127452871 NONE
39    2.66227837228 -0.546493013519 NONE
40    2.79012697056 0.000853423149187 NONE
41    0.75013630084 2.8448583841 NONE
42    -1.98131028199 -0.567483570273 NONE
43    1.20872529424 -1.58211424532 NONE
44    2.80368223805 -2.51252748134 NONE
45    -2.39586628507 1.57586009249 NONE
46    1.32805457463 -2.56913296494 NONE
47    1.6228048335 2.96086743115 NONE
48    0.0886605555434 1.47512152685 NONE
49    -1.38074797839 -2.7211289193 NONE
50    -0.0624695680375 0.0219206179075 NONE
51    1.63372438567 -0.552890324637 NONE
52    -1.72663858326 2.42484251815 NONE
53    2.48392599822 0.968508456281 NONE
54    -1.86776105353 -0.661003976354 NONE
55    -2.65443482562 2.53478110655 NONE
56    -2.42627826038 2.26215267963 NONE
57    -1.62062943619 0.433788164894 NONE
58    2.04610010188 -1.6914825886 NONE
59    2.52818995623 -1.046540287 NONE
60    1.32183746744 2.60055599205 NONE
61    -1.19736694996 2.83561302099 NONE
62    2.08198198473 -2.50487242851 NONE
63    -1.83729304461 -1.81258824533 NONE
64    2.51702569307 0.582331459324 NONE
65    -0.911974834712 0.0354759130583 NONE
66    -1.46360276553 -1.67029547384 NONE
67    1.32352364611 0.964301642265 NONE
68    2.30827750929 -2.70366893077 NONE
69    -0.391452590768 1.57522438449 NONE
70    2.8524053592 0.528173642786 NONE
71    1.64580473762 1.37704337149 NONE
72    -0.691011638921 -2.65305041941 NONE
73    0.479160389915 1.10795278207 NONE
74    -1.32566550464 0.497317590357 NONE
75    -2.45906847164 2.74823039842 NONE
76    2.47378878473 -2.8313288713 NONE
77    1.8879813215 -0.388860162452 NONE
78    -1.89726075566 0.799485297844 NONE
79    1.93434446062 1.18179134271 NONE
80    0.758350349083 -1.7693414628 NONE
81    0.634369072349 0.607856419707 NONE
82    -2.14790979379 -0.497126108061 NONE
83    -1.03767684364 1.80824030045 NONE
84    1.85762730118 -0.0875851731144 NONE
85    -2.4203748952 0.0858185313454 NONE
86    0.512533502043 1.233530811 NONE
87    2.37146131924 1.07955050266 NONE
88    0.000107753355216 1.24736613429 NONE
89    -0.83136782596 1.78856759805 NONE
90    0.74297973388 -0.894829582157 NONE
91    -1.86516841273 2.3347529266 NONE
92    1.00116916388 -2.79898366739 NONE
93    -1.26511563739 -0.952367758049 NONE
94    0.426489506389 -2.56849075334 NONE
95    2.09877610296 1.96534759799 NONE
96    2.0187372116 -0.440101639479 NONE
97    0.405788072184 0.449497074313 NONE
98    -2.03659257627 1.02472136314 NONE
99    -2.63764887888 0.589291735897 NONE
65 50 74 33 7 93 26 57 54 42 30 32 97 82 78 24 1 17 88 85 81 66 98 6 90 69 10 4 73 9 12 48 31 86 89 63 99 83 25 29 3 8 80 45 21 20 67 43 51 72 0 49 27 84 91 77 94 52 18 34 2 28 96 13 71 56 5 61 79 16 36 15 22 38 92 14 46 58 55 75 35 41 64 87 23 59 53 60 39 95 40 11 70 62 37 47 68 19 76 44    -0.812158821001 -0.149295288745
20 8 27 63 5 66 49 25 1 54 42 93 82 17 72 7 6 32 33 85 24 65 57 29 99 94 74 78 12 30 80 98 50 26 90 92 13 3 43 23 46 45 97 4 81 10 34 88 83 69 89 31 51 73 9 48 56 58 21 62 38 86 14 91 18 52 77 55 68 84 96 35 67 76 75 59 0 61 44 2 28 39 71 37 79 36 22 40 64 16 15 87 53 11 70 41 60 95 47 19    -2.44430969304 -2.21742816217
41 16 15 60 47 36 48 95 19 86 0 69 71 28 88 73 2 31 9 61 89 67 83 79 81 22 87 52 97 10 53 91 4 26 64 50 75 21 11 70 74 56 84 34 35 65 98 55 78 45 57 3 77 40 30 51 96 38 18 24 90 33 39 99 32 85 7 29 12 59 93 42 54 82 17 43 14 37 80 1 58 6 66 25 13 63 94 46 62 8 92 72 44 20 68 23 76 49 27 5    0.748863473159 2.99827000006
34 45 56 3 38 55 91 35 75 52 98 78 99 29 24 83 61 89 57 85 31 74 32 33 69 17 82 36 65 42 88 54 48 7 1 25 50 93 73 86 26 9 97 16 81 41 15 66 10 63 30 4 0 8 60 67 20 2 28 6 71 90 47 27 12 79 21 95 49 22 84 51 5 72 80 19 77 87 18 43 53 96 64 94 11 13 70 40 39 14 58 59 92 46 23 37 62 68 76 44    -2.51707139648 1.87334804449
20 27 8 5 63 25 49 66 1 54 17 82 42 72 93 7 6 32 85 33 29 24 99 57 65 94 74 78 98 12 80 30 50 3 92 26 90 13 45 23 43 46 97 34 83 81 4 56 88 38 89 10 31 69 91 73 51 48 55 9 62 52 58 86 21 14 35 18 75 68 77 84 96 76 67 61 59 0 44 2 28 39 71 36 37 79 22 16 40 64 15 87 53 41 11 70 60 95 47 19    -2.99887745075 -2.51117681407
46 62 23 68 13 92 76 58 44 43 14 94 80 12 59 37 90 18 51 96 77 39 72 6 30 21 84 40 4 49 10 50 26 66 64 97 70 11 93 81 5 63 67 22 53 27 65 87 7 8 79 20 9 2 73 0 28 71 86 54 1 33 42 88 74 82 48 17 57 32 25 95 69 24 85 78 31 19 89 15 83 98 60 16 99 29 41 47 3 45 36 52 91 61 34 56 38 55 75 35    1.69319504649 -2.67149709469
12 6 80 90 30 94 43 13 72 93 66 92 46 50 26 23 49 7 63 65 51 4 58 14 97 18 54 21 10 8 1 77 62 20 27 42 33 5 81 96 84 82 74 68 59 17 32 57 9 76 73 25 39 88 67 86 44 37 24 85 48 78 0 40 69 2 28 64 98 22 79 71 31 99 89 70 11 53 87 83 29 3 45 95 15 16 91 60 52 34 41 56 36 61 19 47 38 55 75 35    0.0357928907741 -1.59668285405
31 36 89 69 83 61 48 16 88 52 41 91 15 86 73 9 60 56 74 75 98 34 81 0 45 97 78 3 35 47 55 57 67 28 2 26 71 65 50 10 38 24 4 95 79 33 99 19 32 22 85 29 30 87 7 21 53 42 82 54 17 84 93 90 64 51 77 1 96 11 18 70 12 40 25 66 6 39 43 80 63 59 8 14 58 20 13 37 94 72 27 49 46 92 5 62 23 68 44 76    -0.472047367672 2.33570246206
84 21 64 22 77 79 67 96 53 87 2 4 51 11 70 40 18 28 10 71 0 39 81 9 97 59 73 95 86 90 30 26 37 14 50 58 43 88 19 48 12 60 15 80 16 69 47 41 13 65 62 31 46 44 89 68 74 76 83 94 92 6 23 93 36 57 33 7 78 54 66 61 72 98 42 32 24 82 1 52 91 17 85 63 3 45 49 99 8 34 56 29 20 25 27 75 5 55 35 38    1.8910940131 0.375063509212
71 28 2 0 79 67 95 22 87 53 9 86 60 19 15 73 64 81 10 4 16 47 48 11 70 84 97 21 41 88 40 77 96 69 51 26 18 50 39 31 30 89 36 90 83 59 65 37 12 14 43 74 61 58 80 57 52 78 91 33 98 93 7 13 24 3 6 62 45 32 46 54 56 42 34 44 94 68 82 75 85 92 17 99 1 76 55 35 66 23 29 38 72 63 25 8 49 20 27 5    1.62604508386 1.48514593156
60 95 15 71 28 0 2 47 16 79 19 41 67 86 22 9 87 73 48 53 88 81 10 64 69 97 4 36 11 70 21 31 84 89 26 40 77 83 50 96 51 18 61 39 30 90 65 74 52 59 91 57 12 78 37 98 14 43 33 58 45 56 3 80 24 34 75 7 93 35 32 55 54 42 38 85 99 13 82 6 17 29 1 62 46 66 94 44 68 92 23 76 63 25 72 8 20 49 27 5    1.45066061816 2.05312251554
99 24 29 85 78 98 32 57 3 17 33 45 82 74 42 54 7 34 1 25 65 56 38 93 91 83 55 52 89 31 35 75 69 66 63 50 8 88 26 61 20 48 97 73 6 30 27 86 9 81 36 10 49 4 90 5 12 72 16 67 0 15 80 41 2 21 28 71 94 43 51 60 84 77 79 18 13 96 22 47 95 92 87 46 53 64 14 58 23 19 59 39 40 11 70 62 37 68 76 44    -2.47179331692 0.52132029828
93 66 63 7 1 54 6 42 8 82 20 17 33 25 27 49 65 32 72 5 85 57 74 30 50 24 12 26 90 78 80 94 99 29 98 97 43 13 4 81 92 10 3 88 46 73 69 45 9 23 51 31 83 48 89 86 21 18 77 58 84 14 96 34 67 62 91 56 0 52 2 59 38 68 28 71 55 39 76 79 61 35 75 22 37 64 44 40 36 16 15 87 53 11 70 41 60 95 47 19    -1.37222432887 -1.30895824678
58 14 37 44 59 62 68 76 39 18 43 96 46 51 77 13 23 40 80 84 92 21 12 90 94 70 11 64 30 4 10 53 22 87 67 79 81 97 26 6 50 2 28 71 0 72 9 73 86 95 93 65 88 66 49 48 19 7 63 69 74 5 60 33 15 54 27 8 1 42 20 57 16 31 47 82 89 32 41 17 83 78 24 25 85 98 36 99 3 29 61 45 52 91 34 56 75 55 38 35    2.59314385269 -1.80023774554
9 73 86 81 97 88 48 67 10 0 4 2 28 71 26 69 50 79 15 21 31 22 16 89 84 30 60 95 87 41 83 65 53 51 77 90 64 96 74 18 47 36 19 11 70 57 40 12 78 33 61 39 98 43 52 93 7 80 91 59 24 32 14 54 3 42 45 58 6 82 85 37 17 34 56 99 1 13 66 29 75 55 94 35 46 38 63 62 92 25 72 23 8 68 44 20 49 76 27 5    0.629931164044 1.03680048718
58 14 62 43 46 13 68 80 76 59 23 44 92 18 12 37 51 90 96 94 77 39 21 84 30 40 4 6 10 72 64 70 11 26 50 97 81 67 22 53 87 79 2 93 9 28 0 66 49 71 73 65 86 7 63 88 5 48 27 54 8 95 33 74 20 1 42 69 57 82 32 17 19 31 15 60 89 25 24 78 16 85 83 98 41 47 99 29 3 36 45 52 91 61 34 56 55 38 75 35    1.80513583676 -1.92595912169
16 15 41 60 48 86 36 47 73 88 0 69 9 28 71 2 31 89 67 95 81 83 79 19 97 61 10 22 4 87 26 53 52 50 91 64 21 74 84 65 11 70 57 78 98 30 77 56 51 45 75 96 34 3 40 18 90 35 55 33 24 38 39 32 7 99 12 85 93 54 42 59 29 82 43 17 80 14 1 37 58 6 66 13 25 63 94 46 62 8 92 72 20 23 68 44 49 76 27 5    0.604083519616 2.3141275378
93 30 6 65 50 7 26 12 66 90 54 33 42 1 80 63 74 97 82 57 32 72 17 4 43 10 81 8 94 49 20 24 85 25 13 78 51 27 88 21 73 9 86 5 18 98 92 48 77 69 46 84 99 96 67 31 23 14 89 58 29 83 0 3 2 28 59 62 45 71 39 79 22 68 64 40 91 37 34 87 52 53 76 11 70 15 56 16 44 61 36 95 41 60 38 55 75 35 19 47    -0.532131054428 -0.893582156186
48 69 31 88 89 86 16 73 83 36 15 9 41 61 60 0 81 97 67 28 2 52 71 10 26 91 47 50 74 4 79 95 65 78 57 98 45 22 56 3 19 34 75 87 24 30 21 33 55 35 53 84 38 64 32 99 90 51 7 77 85 96 29 93 11 42 54 70 18 82 17 12 40 1 39 43 80 6 66 59 25 14 63 58 37 13 8 94 20 72 46 92 49 27 62 23 5 68 44 76    -0.0243175829245 1.98241916708
49 72 5 27 6 66 63 20 8 94 93 1 92 80 7 12 13 54 25 23 42 46 82 43 30 17 90 33 65 32 50 26 85 62 57 74 58 24 68 14 51 97 76 4 78 18 99 10 29 21 81 77 96 98 44 84 59 88 9 73 86 37 3 39 69 48 67 31 45 89 83 0 40 2 28 64 71 22 79 34 70 11 91 53 87 56 52 38 55 61 15 16 35 75 95 36 60 41 19 47    -1.08411390358 -2.74853103985
92 23 94 46 13 80 62 43 68 72 12 76 58 6 14 44 90 49 30 51 59 18 5 66 37 77 96 27 63 93 21 39 8 84 20 50 4 26 7 10 97 65 1 54 40 81 42 33 82 64 67 25 17 9 70 11 74 73 32 22 57 86 53 2 88 79 0 87 28 71 85 48 24 78 69 98 99 31 89 29 95 83 3 15 45 16 60 19 41 91 52 34 47 36 61 56 38 55 75 35    0.812527243211 -2.97956671455
63 8 20 66 27 49 5 1 6 93 72 25 54 7 42 82 17 33 32 85 65 94 12 57 24 80 30 74 50 90 99 29 26 78 92 13 43 98 23 46 97 3 4 81 10 45 51 88 58 21 73 62 69 14 9 18 83 31 89 48 86 77 96 84 68 34 76 67 56 91 59 52 38 0 44 55 39 2 28 37 35 71 75 79 61 22 40 64 87 36 53 16 15 11 70 41 95 60 47 19    -1.7597272789 -2.04484497945
6 72 12 66 94 80 93 49 30 63 90 13 43 7 92 8 27 20 5 46 50 1 54 65 23 26 42 33 82 17 51 25 97 4 58 32 14 74 10 62 18 57 21 81 77 96 85 68 84 24 59 76 78 9 73 88 86 44 67 98 99 39 48 37 69 29 0 31 2 89 40 83 28 64 3 71 22 79 45 11 70 53 87 34 91 52 15 95 16 56 61 60 36 41 38 55 75 35 19 47    -0.385278379979 -1.830100247
90 30 12 51 4 21 43 10 26 80 50 18 77 97 84 96 81 14 58 13 67 9 59 6 73 65 39 94 86 46 93 0 88 2 92 40 28 64 22 79 37 62 71 48 23 7 53 87 74 11 70 66 72 33 68 69 54 57 44 76 42 1 63 31 32 82 89 49 95 17 78 83 24 8 15 20 85 98 16 60 27 5 25 19 41 99 47 3 29 36 45 52 91 61 34 56 55 75 38 35    0.771111777525 -0.687169474205
15 60 16 41 47 95 0 71 19 28 2 86 48 73 79 9 67 36 88 69 22 87 81 31 53 89 10 97 83 4 61 64 11 26 70 21 84 50 52 77 91 40 96 51 74 65 18 30 39 90 57 78 98 56 75 45 34 3 35 55 33 59 24 12 38 43 32 37 7 14 93 99 80 58 85 54 42 29 82 17 1 6 13 66 46 62 94 25 63 44 92 68 23 72 76 8 20 49 27 5    1.13601724386 2.51316944811
0 86 28 2 71 15 9 73 67 60 48 16 79 88 95 41 81 10 22 47 69 97 87 4 19 53 31 89 26 36 64 21 50 84 83 11 70 77 51 96 30 61 40 18 65 74 90 52 39 57 91 78 98 12 59 33 43 24 3 45 14 56 7 80 93 34 37 32 58 75 54 55 35 42 85 99 82 6 17 38 29 13 1 66 46 94 62 92 63 25 44 68 23 72 76 8 20 49 27 5    0.995821161826 1.71947797412
39 59 40 96 77 18 37 84 51 70 11 64 21 14 58 53 22 87 43 4 79 90 10 67 44 62 2 28 71 12 68 80 0 30 81 76 13 97 46 95 9 26 73 50 86 23 92 19 94 88 48 60 15 6 65 47 69 16 41 93 72 31 74 89 7 66 33 83 57 54 49 42 36 63 1 78 32 82 24 17 98 8 20 5 27 85 61 52 25 91 3 99 45 29 34 56 75 55 35 38    2.59425930598 -0.516318192059
59 39 96 18 77 37 51 14 84 40 58 21 64 70 11 43 90 4 53 22 62 44 87 10 12 80 68 79 13 67 30 76 46 2 81 28 71 97 0 23 92 26 9 50 94 73 86 95 88 19 6 48 65 60 15 72 69 93 16 47 74 7 66 41 31 33 89 57 49 54 83 63 42 1 32 82 78 36 8 17 24 5 20 27 98 85 25 61 99 52 3 91 45 29 34 56 75 55 35 38    2.37674592564 -0.758435125026
95 19 60 47 71 28 79 2 87 15 0 22 53 67 16 41 64 86 11 70 9 73 48 81 10 88 4 84 40 21 97 69 36 77 96 51 39 31 18 26 89 50 83 59 30 61 90 37 65 14 74 52 12 43 58 91 57 80 78 98 33 56 45 3 24 75 34 93 7 13 62 35 55 32 44 46 6 54 42 68 38 85 99 82 94 76 17 92 1 23 29 66 72 63 25 8 49 20 27 5    2.06488284708 2.19196943032
90 51 30 21 12 4 18 77 43 10 84 96 80 26 97 50 81 14 58 59 67 39 13 9 73 40 86 46 64 0 2 22 94 6 37 65 28 79 71 88 62 92 11 70 53 87 93 23 48 68 7 44 74 69 72 76 66 33 95 57 54 31 42 89 1 63 15 32 82 49 83 78 60 16 17 24 19 8 98 20 41 85 27 5 47 25 99 36 3 29 45 52 61 91 34 56 55 75 38 35    1.00342352123 -0.646802621803
72 49 6 66 5 63 27 8 20 93 94 1 7 80 12 54 92 42 13 25 82 30 90 17 23 46 43 33 65 32 50 26 85 57 74 24 62 58 97 51 14 4 78 10 68 18 99 81 21 29 77 76 98 96 84 88 59 9 73 44 86 69 48 3 67 39 37 31 89 83 45 0 2 40 28 71 64 79 22 34 91 70 11 87 53 56 52 38 55 61 15 16 35 75 95 36 60 41 19 47    -0.98910210039 -2.3528375004
31 69 89 83 48 88 86 73 36 61 9 52 16 91 74 15 97 41 81 78 98 26 57 65 50 0 45 3 60 10 67 56 34 2 28 24 4 71 75 33 55 35 47 38 32 99 79 30 85 95 7 29 22 42 21 54 82 93 17 19 87 90 84 53 1 51 77 64 12 96 18 11 70 25 66 6 40 80 43 63 39 8 59 14 20 58 13 72 94 37 27 49 46 92 5 62 23 68 44 76    -0.4821510844 1.79086133937
50 26 30 65 97 90 4 81 10 12 93 74 7 33 73 9 88 6 57 86 80 21 54 51 48 43 42 66 69 67 32 84 1 77 82 18 78 24 17 31 96 0 89 63 2 83 94 85 98 13 28 72 71 14 79 58 8 25 22 99 46 49 20 92 59 64 39 3 29 87 27 53 40 23 45 15 16 11 70 5 62 91 52 95 37 60 41 36 34 61 68 56 76 44 19 47 38 55 75 35    -0.129717451089 -0.318314399713
44 76 68 62 58 14 37 46 59 23 13 92 43 39 18 80 96 51 77 94 12 40 90 84 21 30 70 11 64 4 6 72 10 53 22 87 26 67 81 97 50 79 2 28 71 0 49 9 73 66 93 86 65 95 5 63 88 7 27 48 8 20 19 54 33 1 74 42 69 57 82 15 60 32 17 31 16 25 89 47 24 78 41 83 85 98 99 36 29 3 45 61 52 91 34 56 55 75 38 35    2.70358429153 -2.51360258383
65 93 7 33 54 50 74 42 57 26 1 82 32 30 66 17 6 24 85 78 97 63 90 12 25 98 81 8 88 4 10 99 20 69 73 80 9 29 48 72 31 86 89 83 49 27 3 43 94 45 21 51 5 67 13 84 18 77 0 34 91 96 52 2 92 28 46 56 71 14 58 23 79 61 38 22 55 16 36 15 59 75 35 39 64 62 87 53 41 40 60 95 11 70 68 37 76 44 47 19    -0.933120593537 -0.462641896284
53 64 87 22 11 70 79 40 71 2 28 84 67 95 0 21 96 77 39 18 51 4 10 19 81 59 9 86 73 97 37 60 15 47 14 90 48 26 88 30 58 16 50 41 43 12 69 80 31 62 44 13 89 65 68 46 36 83 76 74 92 23 94 6 57 93 61 33 7 78 52 98 54 91 24 32 66 42 72 82 1 3 17 45 85 63 99 34 56 49 75 29 8 55 35 25 20 38 27 5    2.42890121889 0.787485000938
6 72 94 66 49 80 12 93 13 63 92 90 5 30 43 27 8 46 20 23 7 1 54 50 65 42 26 33 82 58 62 17 25 14 51 32 4 97 18 68 74 10 21 57 77 81 96 76 85 84 59 24 44 78 9 73 88 39 37 86 67 99 98 48 29 69 0 40 31 2 89 28 64 83 22 3 79 71 70 11 45 53 87 34 91 52 15 95 16 56 60 61 38 36 41 55 75 19 35 47    -0.377663830528 -2.1064416435
46 13 62 58 43 14 23 92 68 80 76 44 94 12 59 90 18 51 37 96 77 39 30 21 84 6 72 4 40 10 26 50 97 64 81 70 11 49 93 66 67 22 53 87 65 79 9 2 73 0 28 63 7 71 5 86 27 8 88 20 54 1 33 48 42 74 82 57 95 69 17 32 25 31 24 78 19 85 89 15 60 83 98 16 99 41 47 29 3 45 36 52 91 61 34 56 38 55 75 35    1.60678004614 -2.12958424536
55 35 38 75 56 34 91 52 45 3 61 98 83 78 99 29 89 31 24 57 36 74 85 69 32 33 48 88 17 65 82 42 54 7 16 41 86 73 1 25 9 15 50 26 97 93 81 60 10 0 67 4 47 66 30 63 2 28 71 8 20 79 95 6 90 21 27 12 19 22 84 87 51 49 53 77 80 5 72 18 64 96 43 11 70 94 40 13 39 14 59 58 92 46 23 37 62 68 76 44    -2.71441065162 2.53352315978
19 95 47 60 15 71 28 79 41 2 16 0 87 22 53 67 64 86 9 11 70 73 48 81 88 10 36 4 40 84 69 97 21 31 77 96 89 51 39 26 18 83 61 50 30 59 90 52 37 65 91 74 14 12 43 58 57 78 98 80 56 75 33 45 3 34 24 35 55 7 93 32 13 38 62 54 44 99 42 85 6 46 82 68 17 29 94 76 1 92 66 23 63 72 25 8 49 20 27 5    2.1008938433 2.5388401164
37 59 39 14 58 96 40 18 44 77 51 62 68 84 76 70 11 43 21 64 46 13 90 53 80 22 12 87 23 4 92 10 79 30 67 94 2 28 71 81 0 97 26 50 9 95 73 86 6 19 88 72 48 65 60 15 93 69 47 66 16 7 49 74 41 31 33 63 89 54 57 42 1 83 5 8 27 82 32 20 78 17 24 36 98 85 25 61 99 3 52 91 45 29 34 56 75 55 35 38    2.98086098766 -1.25402936031
13 46 92 23 80 43 94 62 58 68 14 12 76 90 44 59 51 18 6 72 30 37 96 77 21 39 84 4 49 50 26 10 66 40 93 97 81 5 63 64 65 27 7 70 11 67 8 20 22 9 54 73 53 1 79 87 2 0 86 33 42 28 71 88 74 82 17 57 48 32 25 69 24 85 95 78 31 89 98 83 15 99 19 60 16 29 3 41 47 45 36 91 52 61 34 56 38 55 75 35    1.23917181696 -2.37538034547
80 13 43 12 94 46 92 90 23 58 14 62 30 6 51 72 68 18 76 77 96 59 21 44 84 4 50 26 37 66 93 39 10 49 97 81 65 63 7 40 5 27 8 67 54 20 9 1 64 73 33 42 86 70 11 22 74 0 2 88 82 79 28 53 87 57 71 17 32 48 25 69 24 85 78 31 89 95 98 83 99 15 29 16 60 3 19 45 41 47 91 52 36 34 61 56 38 55 75 35    0.820613149471 -1.95111910832
95 19 79 71 87 28 22 2 53 0 60 47 67 64 15 11 70 16 41 86 9 73 40 84 10 81 21 4 48 88 77 97 96 39 51 18 69 26 36 31 50 59 89 30 90 37 83 14 61 58 43 65 12 74 80 52 91 57 78 98 33 13 62 44 93 7 46 24 68 3 45 56 6 34 32 76 75 94 54 92 42 35 55 23 85 82 99 17 38 1 66 29 72 63 25 8 49 20 27 5    2.2223716493 1.91554334108
94 92 72 23 13 46 80 6 12 49 43 62 5 66 90 68 58 27 30 63 76 14 93 8 20 44 51 18 7 50 1 59 26 54 77 96 21 65 42 4 37 84 10 82 97 33 25 39 17 81 32 74 57 40 85 9 73 67 24 86 88 64 78 0 70 11 22 48 2 28 79 99 53 98 69 71 87 29 31 89 83 3 45 95 15 16 34 60 91 52 19 41 56 36 61 47 38 55 75 35    0.179440919182 -2.86748937618
52 83 61 91 89 31 69 36 56 34 75 45 3 55 35 98 48 78 38 88 74 57 16 24 86 73 41 99 9 15 65 29 33 85 97 32 81 26 50 60 0 10 17 82 67 7 42 54 47 28 2 4 71 93 1 30 79 95 25 22 19 21 90 87 84 66 53 51 12 63 77 64 6 96 18 8 11 70 20 80 43 40 27 39 72 49 59 14 94 13 58 5 37 46 92 23 62 68 44 76    -1.27183686638 2.25634228439
30 90 4 10 26 21 51 50 97 12 81 77 18 84 43 96 80 9 67 73 86 65 14 0 88 58 2 59 28 39 13 6 79 22 48 71 64 93 40 94 87 53 46 74 69 7 11 70 37 92 33 62 57 66 23 31 54 72 89 42 95 68 1 83 32 82 15 78 63 44 76 24 17 16 60 98 49 85 8 41 19 20 25 27 47 99 36 5 3 45 29 52 61 91 34 56 55 75 38 35    0.737833392492 -0.413810045304
3 98 45 99 78 29 24 34 85 57 56 38 32 74 91 55 33 52 35 83 17 75 82 89 42 31 54 65 7 69 61 1 25 93 88 48 50 26 36 73 97 86 66 63 9 81 8 20 30 10 16 6 4 41 15 27 0 67 90 12 2 49 28 60 71 5 72 21 80 79 51 47 84 43 77 22 95 18 94 96 87 53 13 64 19 92 14 46 58 11 70 40 39 59 23 62 37 68 76 44    -2.45538127512 1.13762196721
99 98 29 3 24 78 45 85 57 32 34 74 33 56 17 82 38 42 91 55 54 52 83 35 7 65 75 1 89 25 31 69 93 61 88 50 48 26 66 63 8 97 36 73 86 20 9 81 30 6 10 27 4 16 90 15 49 41 12 67 0 5 72 2 28 71 60 21 80 51 79 43 84 94 77 47 18 22 96 95 13 87 53 64 92 19 46 14 58 23 11 39 70 40 59 62 37 68 76 44    -2.49994304759 0.895214742453
70 11 64 40 53 87 22 39 79 84 96 77 21 71 2 18 28 67 59 95 51 0 37 19 4 10 14 81 9 58 73 86 97 90 60 43 47 15 30 26 48 88 12 50 16 44 80 62 41 68 13 76 69 46 31 65 92 23 89 94 36 83 74 6 93 57 33 7 61 78 72 66 54 98 52 42 32 24 91 82 1 17 63 85 3 49 45 99 34 8 56 20 29 25 27 75 5 55 35 38    2.85739086375 0.528459536268
41 16 15 60 47 36 95 48 0 19 86 71 28 2 73 9 69 88 67 31 79 89 61 83 81 22 87 97 10 53 4 52 64 26 91 50 21 11 70 84 74 65 77 75 56 40 98 78 96 51 57 30 34 45 35 18 3 55 90 39 24 38 33 32 99 12 59 7 85 93 29 43 54 42 82 14 37 17 80 58 1 6 66 13 25 63 94 46 62 92 8 44 72 68 23 20 76 49 27 5    0.874102852332 2.7552980539
23 46 62 92 68 13 76 94 44 58 43 80 14 12 59 37 90 18 72 51 6 96 77 39 30 21 84 49 40 4 66 10 50 26 5 93 97 64 63 70 27 81 11 8 20 65 67 7 22 53 87 9 79 54 1 2 73 0 28 42 71 86 33 88 82 74 17 48 57 32 25 95 69 85 24 78 31 89 19 98 83 15 99 60 16 29 41 3 47 45 36 91 52 61 34 56 38 55 75 35    1.61894888322 -2.93122194598
61 52 83 36 91 89 31 69 56 75 34 35 55 48 45 88 16 3 38 98 41 78 15 86 74 73 57 9 24 60 99 65 97 81 29 0 26 33 47 50 85 32 67 28 2 10 71 4 95 7 82 17 42 79 54 19 30 93 22 1 87 21 53 90 25 84 64 51 77 66 12 96 18 11 70 63 6 40 8 80 43 20 39 59 27 14 72 58 49 13 94 37 5 46 92 23 62 68 44 76    -1.0855893361 2.57928986329
99 24 85 29 78 98 32 57 3 33 17 82 45 74 42 54 7 34 1 65 25 56 38 93 83 91 89 52 55 31 35 75 69 66 50 63 26 88 8 61 48 20 97 73 6 30 86 9 81 27 36 10 4 49 90 5 12 72 16 67 0 15 80 41 2 21 28 71 51 43 94 60 84 77 79 18 13 96 22 47 95 92 87 46 53 64 14 58 23 19 59 39 40 11 70 62 37 68 76 44    -2.38930325552 0.519703921198
75 35 55 56 91 52 34 38 45 61 3 83 98 89 31 78 36 99 29 69 24 57 74 85 48 88 32 33 65 16 41 17 86 82 73 42 15 9 54 7 50 26 97 81 1 60 25 93 0 10 47 67 4 28 2 71 30 66 95 79 63 8 90 19 21 22 20 6 87 12 84 53 51 27 77 64 18 96 80 49 43 72 11 70 5 40 94 39 13 14 59 58 46 92 37 23 62 68 44 76    -2.29483980815 2.64153228095
36 16 41 15 61 31 69 89 48 60 83 88 86 47 73 52 9 91 0 28 71 2 67 81 95 97 19 75 56 79 10 34 74 35 26 55 45 98 78 50 4 3 22 57 65 87 38 53 24 21 33 64 30 84 99 32 85 11 29 70 77 51 90 7 96 18 42 54 82 93 40 17 12 1 39 43 59 80 25 6 66 14 58 63 37 13 8 20 94 72 46 27 92 49 62 23 68 5 44 76    -0.000963577932561 2.76115234531
56 34 55 38 35 75 45 91 52 3 98 61 78 83 99 29 89 24 31 57 74 85 69 36 32 33 17 65 88 82 48 42 54 7 1 86 73 16 25 50 9 41 26 93 97 15 81 60 10 0 66 4 30 67 63 2 28 8 47 71 20 6 90 79 95 21 27 12 22 19 84 51 87 49 77 80 53 5 72 18 96 64 43 94 11 70 40 13 39 14 58 59 92 46 23 37 62 68 76 44    -2.56870228233 2.22792713491
93 7 54 66 1 42 33 65 82 63 6 17 32 57 74 8 25 50 20 85 30 24 26 27 78 49 72 12 90 99 98 97 5 80 29 94 81 4 10 88 43 3 69 73 9 31 48 83 13 89 45 86 51 21 92 46 18 77 67 34 84 23 96 91 0 52 58 14 56 2 28 38 71 62 55 61 59 79 35 75 22 39 36 68 16 15 64 87 40 53 76 37 41 11 70 60 44 95 47 19    -1.21719620493 -0.894093608403
3 98 45 78 34 24 99 56 57 91 29 74 52 83 38 85 55 89 32 35 31 75 33 69 61 65 17 82 42 54 7 88 48 1 36 50 93 25 26 73 86 97 9 81 16 66 30 10 63 41 15 4 8 0 67 20 6 90 2 60 28 71 12 27 21 79 47 49 51 84 80 72 95 5 22 77 43 18 87 96 53 19 94 64 13 11 70 40 14 39 58 92 46 59 23 37 62 68 76 44    -2.10036220861 1.33282782558
88 69 48 31 89 73 83 86 9 97 74 26 50 81 65 57 78 10 98 4 33 0 67 24 52 16 36 91 61 30 15 3 2 28 45 32 7 71 41 93 85 34 99 54 42 60 56 90 21 82 79 17 29 84 22 1 75 55 51 95 12 35 38 77 47 87 18 96 53 6 66 64 19 25 80 43 63 11 70 40 39 8 14 59 20 58 13 72 94 49 27 46 37 92 5 23 62 68 44 76    -0.427816744013 1.10894381043
14 58 59 37 18 39 96 51 77 43 62 44 84 68 21 40 13 76 46 80 90 12 23 92 64 70 11 4 30 94 10 22 53 87 67 81 79 97 26 50 2 28 71 0 6 9 73 86 72 95 88 65 93 48 66 19 7 49 69 74 15 60 33 63 54 57 16 31 42 1 5 47 8 89 27 20 82 41 32 83 17 78 24 85 98 25 36 99 3 61 29 52 45 91 34 56 75 55 38 35    2.2176975301 -1.35633166319
74 57 78 98 24 65 33 32 83 3 89 85 31 99 45 69 7 42 82 29 54 17 88 50 26 48 91 34 93 52 1 97 56 73 86 9 81 61 38 25 55 30 75 35 10 66 4 36 63 90 6 67 0 16 8 12 15 20 2 41 28 21 71 51 60 80 27 84 79 49 72 77 43 18 22 96 5 95 47 94 87 53 64 13 19 14 58 11 40 70 39 92 46 59 23 62 37 68 76 44    -1.39569359412 0.737441801381
29 85 99 17 32 24 82 25 42 54 1 33 78 98 57 3 7 45 74 93 34 65 63 8 66 20 38 56 55 91 83 27 35 52 75 89 31 50 6 69 26 5 49 88 61 30 48 97 72 73 81 86 9 12 90 10 36 4 80 94 67 43 16 0 21 15 51 13 41 2 28 71 84 92 77 18 46 96 60 79 23 22 14 58 95 87 47 64 53 59 62 39 40 11 70 19 68 37 76 44    -2.99658028837 0.0058079186278
84 77 21 96 51 18 39 40 64 4 10 59 22 11 70 67 53 87 79 90 14 2 81 28 37 71 0 58 97 30 43 9 12 26 73 86 50 80 95 13 88 62 48 46 44 19 68 15 76 60 65 92 69 94 23 16 6 47 41 31 93 74 89 7 83 33 57 72 66 54 36 42 78 32 1 82 24 63 98 17 49 61 85 8 52 91 20 3 99 27 45 5 25 29 34 56 75 55 35 38    1.88016206339 -0.126883032595
49 5 72 27 20 6 8 63 66 94 93 1 92 80 7 25 54 13 12 23 42 46 82 17 43 30 90 33 32 65 50 85 62 26 57 74 58 24 68 14 76 51 97 99 78 4 29 18 10 21 81 77 44 98 96 59 84 88 9 73 3 37 86 39 69 48 45 67 31 89 83 0 40 2 28 34 64 22 71 79 91 56 70 11 52 53 87 38 55 61 35 75 15 16 95 36 60 41 19 47    -1.24787253339 -2.99297688567
19 47 95 60 15 71 41 79 87 28 16 2 53 22 0 67 64 11 70 86 9 73 48 36 40 81 10 88 84 4 21 69 97 77 96 31 39 89 51 18 26 61 83 50 59 37 30 90 52 91 14 65 74 58 43 12 57 78 98 75 80 56 45 34 3 33 35 55 24 7 93 13 44 62 38 32 46 68 54 99 42 85 6 76 82 17 94 29 92 1 23 66 72 63 25 8 49 20 27 5    2.52080271313 2.89341862027
19 95 47 60 71 79 87 15 28 2 53 22 0 41 16 67 64 11 70 86 9 73 48 40 81 10 84 88 4 21 36 97 69 77 96 39 51 18 31 89 26 83 50 59 61 30 37 90 14 52 65 58 74 91 43 12 57 80 78 98 33 56 75 45 3 34 24 13 35 62 55 44 93 7 32 46 68 38 6 54 76 42 99 85 82 94 92 17 23 29 1 66 72 63 25 8 49 20 27 5    2.41029884168 2.54474276815
33 32 57 24 42 82 85 17 54 7 74 78 65 1 99 98 93 29 25 3 45 66 50 63 26 83 8 89 31 69 34 20 88 6 30 97 91 56 48 52 81 27 38 73 9 86 55 90 10 12 49 4 35 75 72 61 5 80 67 36 21 0 94 43 51 2 16 28 84 15 13 77 71 18 41 96 79 92 46 60 22 14 58 23 87 64 95 53 59 39 47 40 62 11 70 19 37 68 76 44    -1.80917911944 0.00279544788558
13 46 92 23 80 94 43 62 58 68 12 14 76 90 44 6 72 51 59 18 30 37 96 77 21 39 84 49 4 50 66 26 10 93 40 97 5 81 63 65 27 64 7 8 20 70 67 11 9 54 22 1 73 53 79 42 33 87 2 86 0 28 71 88 74 82 17 57 32 48 25 69 24 85 78 95 31 89 98 83 99 15 19 29 60 16 3 41 45 47 36 91 52 34 61 56 38 55 75 35    1.19413293824 -2.4059708442
25 1 8 17 82 20 63 42 54 66 7 32 27 85 93 33 24 29 5 99 49 57 6 65 78 74 98 72 3 45 50 26 30 12 34 94 90 80 83 97 56 89 38 31 69 88 91 81 55 52 43 13 48 4 10 73 35 92 9 75 86 46 23 51 61 21 67 18 77 84 58 0 96 14 36 62 2 28 71 16 68 59 15 79 22 41 76 39 64 87 60 44 40 37 53 95 11 70 47 19    -2.68123695833 -1.28824638958
26 97 50 4 30 10 81 90 9 21 73 86 51 67 12 65 88 84 77 18 48 0 96 2 43 80 28 69 74 71 79 93 22 7 6 33 57 31 64 14 89 87 53 39 58 59 40 83 13 54 11 70 42 78 66 32 94 15 95 24 82 1 16 46 98 17 37 60 92 72 85 63 41 62 23 36 19 99 3 8 47 49 68 25 45 52 61 91 20 29 44 76 27 34 5 56 75 55 38 35    0.442276606104 -0.0378714460625
16 41 36 15 60 48 69 31 89 61 88 86 47 83 73 9 0 28 52 71 2 95 67 91 81 19 97 79 10 26 4 22 74 56 50 75 87 34 98 78 45 35 65 55 53 3 57 38 21 64 24 84 30 33 11 70 77 99 51 32 90 96 85 18 29 40 7 42 93 54 82 17 12 39 1 43 59 80 6 14 66 25 58 37 63 13 8 94 20 46 72 62 92 49 27 23 68 44 5 76    0.190339261645 2.65721036362
65 33 7 74 93 57 54 42 32 82 17 50 1 24 78 85 26 98 66 30 99 97 25 63 6 29 88 69 81 3 31 83 89 8 90 48 73 12 10 45 9 4 20 86 27 80 72 49 34 91 52 21 67 43 56 5 51 94 0 38 61 84 77 2 18 13 55 28 96 75 35 71 36 16 92 79 15 46 14 22 58 41 23 60 87 64 59 53 39 95 40 62 11 70 47 37 68 19 76 44    -1.17219033264 -0.195807723117
4 10 81 97 21 67 9 26 73 84 50 86 51 30 0 77 2 90 28 96 18 71 79 88 22 48 64 87 53 12 40 69 43 65 39 11 70 95 80 59 14 15 31 58 74 89 16 60 37 83 93 19 41 57 13 33 6 7 47 46 94 78 54 62 36 42 32 92 98 24 66 82 23 1 68 17 61 44 72 85 52 76 63 91 3 45 99 49 8 29 25 34 56 20 27 75 5 55 35 38    0.952918819946 0.276358937331
19 95 47 60 71 15 79 28 87 2 22 53 41 0 16 67 64 11 70 86 9 73 48 40 81 10 88 84 4 36 21 97 69 77 96 39 31 51 18 89 26 83 50 61 59 30 37 90 52 14 65 74 91 58 43 12 57 78 80 98 56 33 75 45 3 34 24 35 55 13 93 7 62 44 32 46 38 68 54 6 42 99 85 76 82 94 17 92 29 23 1 66 72 63 25 8 49 20 27 5    2.35528848025 2.56976573946
98 78 3 24 57 45 74 99 29 85 34 32 33 83 91 56 89 52 31 65 17 82 38 42 69 55 54 7 35 75 61 88 1 48 93 50 25 26 97 73 86 36 9 81 66 30 63 10 4 8 16 20 6 15 41 0 67 90 12 2 28 27 71 60 21 49 79 80 72 51 84 5 47 77 43 22 95 18 96 87 94 53 64 13 19 14 11 70 58 92 40 39 46 59 23 62 37 68 76 44    -1.93708671303 1.04158240757
22 79 87 53 64 2 67 28 71 84 0 11 70 21 40 77 10 4 96 95 51 81 18 9 39 73 86 97 19 59 60 26 15 48 88 90 30 50 37 47 16 14 41 58 43 69 12 80 31 65 89 13 83 36 62 74 44 46 68 57 76 93 94 6 92 33 23 7 61 78 98 52 54 24 32 91 42 66 82 72 1 3 17 85 45 63 99 34 56 49 29 75 8 55 25 35 20 38 27 5    1.97359803558 0.747044379894
62 58 14 46 68 13 43 76 23 44 92 80 59 37 12 94 18 51 90 96 77 39 21 84 30 40 6 4 72 10 64 70 11 26 50 97 81 22 67 53 87 49 79 93 66 2 9 28 0 65 71 73 86 63 7 5 88 27 8 54 20 48 33 1 95 74 42 57 82 69 32 17 19 25 31 15 24 89 78 60 85 16 83 98 41 47 99 29 3 36 45 52 91 61 34 56 38 55 75 35    1.85515223077 -2.13741241863
61 52 36 91 83 89 31 75 56 69 35 55 34 45 48 38 16 3 41 88 98 15 78 86 74 73 57 9 60 24 99 47 65 97 81 29 0 33 26 50 85 32 67 28 2 71 10 4 95 17 82 7 42 79 54 19 30 93 22 1 87 21 53 25 90 84 64 51 77 66 12 96 18 11 70 63 6 40 8 80 43 20 39 59 27 14 72 58 49 13 94 37 5 46 92 23 62 68 44 76    -1.13502670514 2.79111996368
65 74 57 33 50 26 78 7 24 88 32 97 69 98 93 54 31 42 89 83 48 82 81 85 73 30 17 9 86 1 99 10 3 4 45 29 90 66 91 6 52 25 12 67 34 63 0 56 21 61 2 28 8 36 51 80 71 16 84 20 38 15 55 43 75 77 35 18 79 41 72 96 27 49 22 60 94 13 87 95 5 64 53 14 58 47 39 46 92 59 40 11 70 19 23 62 37 68 76 44    -0.886995867283 0.35189671045
15 16 41 60 47 36 95 0 48 86 71 28 19 2 73 9 88 69 67 79 31 89 81 61 83 22 87 97 10 53 4 52 64 26 91 50 21 11 70 84 74 65 77 40 51 96 30 56 78 98 57 75 18 34 45 3 35 55 90 39 24 33 38 12 32 59 99 7 85 93 43 29 54 42 14 82 37 80 17 58 1 6 66 13 25 63 46 94 62 92 44 8 72 68 23 20 76 49 27 5    0.882152816792 2.64733309901
20 8 27 63 5 66 49 25 1 54 93 42 82 72 7 17 6 32 33 85 65 24 57 94 29 99 74 12 78 30 80 50 98 26 90 92 13 3 43 23 46 45 97 4 81 10 88 83 34 69 89 31 51 73 9 48 21 58 62 86 14 56 18 38 91 77 52 84 68 96 55 67 76 35 75 59 0 44 61 2 28 39 71 37 79 22 36 40 64 16 15 87 53 11 70 41 60 95 47 19    -2.2752329139 -2.14582618255
32 85 17 82 42 24 33 54 99 1 29 7 57 25 78 74 98 93 65 3 63 66 45 8 20 34 50 83 27 6 26 56 89 31 38 91 69 52 55 30 88 49 97 5 35 75 48 72 81 73 12 90 9 86 61 10 4 80 94 36 43 67 21 0 51 13 16 2 28 84 15 77 18 92 71 41 96 46 79 23 60 14 58 22 87 64 95 59 53 62 39 47 40 11 70 68 19 37 76 44    -2.32882043944 -0.162647696287
9 81 73 86 97 10 88 4 67 48 26 0 50 2 28 69 71 21 79 30 31 84 22 65 89 15 90 51 16 77 87 83 74 95 60 53 96 18 64 41 12 57 11 70 36 47 40 33 19 78 43 39 93 7 98 80 61 24 59 52 32 14 54 91 42 6 58 3 82 45 85 17 1 37 13 99 66 34 56 94 29 46 63 75 55 92 62 35 72 25 38 23 8 68 20 44 49 76 27 5    0.550609923482 0.833604132594
6 72 66 93 12 94 80 49 63 30 90 7 8 13 20 43 27 54 1 5 50 65 92 42 26 33 46 82 23 17 25 32 97 74 4 57 51 10 58 81 14 21 18 85 62 24 77 96 84 78 68 9 73 88 59 86 98 99 76 67 48 29 69 39 44 31 37 0 89 83 2 3 28 40 71 79 64 22 45 87 53 11 70 34 91 52 56 15 16 95 61 38 60 36 41 55 75 35 19 47    -0.498875803002 -1.71776480876
85 29 99 17 32 82 24 25 42 54 33 1 78 57 98 7 3 74 45 93 65 63 34 8 66 20 38 56 55 91 83 27 52 35 89 75 31 50 6 69 26 49 5 88 30 61 97 48 72 73 81 86 9 12 90 10 4 36 80 94 67 43 0 16 21 51 15 13 2 41 28 84 71 92 77 18 46 96 60 79 23 22 14 58 95 87 47 64 53 59 62 39 40 11 70 19 68 37 76 44    -2.90299832752 -0.0323136638818
59 37 14 39 58 18 96 77 51 40 84 44 62 43 21 68 76 70 11 64 90 46 13 80 12 4 53 23 22 92 87 10 30 79 67 94 81 2 28 97 71 0 26 50 9 73 86 95 6 88 72 19 48 65 93 60 15 69 66 7 49 16 74 47 33 31 41 63 54 57 89 42 1 83 5 8 82 27 32 20 78 17 24 36 98 85 25 99 61 3 52 91 45 29 34 56 75 55 38 35    2.56944340566 -1.18878971669
15 60 0 71 28 2 16 95 41 47 67 86 79 9 73 19 48 22 87 88 81 53 10 69 97 4 36 64 31 89 21 11 70 84 26 83 50 77 40 96 61 51 18 30 39 65 90 74 52 91 57 59 78 98 12 33 43 37 14 45 3 56 24 34 75 58 80 7 93 35 32 55 54 42 99 38 85 82 6 17 13 29 1 66 46 62 94 44 92 68 63 23 25 76 72 8 20 49 27 5    1.25273347373 2.01331792346
92 23 94 46 13 80 62 43 68 72 12 76 58 6 14 90 44 49 30 51 18 59 66 5 37 77 96 93 63 27 21 39 84 8 50 20 4 26 10 7 97 65 1 54 40 81 42 33 82 64 67 17 25 9 70 11 74 73 32 22 57 86 53 2 88 0 79 87 28 71 85 48 24 78 69 98 31 99 89 29 95 83 3 15 16 45 60 19 41 91 52 47 34 36 61 56 38 55 75 35    0.812027503064 -2.90957516805
75 35 55 56 38 34 91 52 45 61 3 83 98 89 78 31 36 99 29 24 69 57 74 85 32 48 88 33 65 16 17 82 41 42 86 73 15 54 7 9 50 26 97 1 81 25 60 93 0 10 47 67 4 28 2 71 30 66 63 95 79 8 90 20 19 6 21 22 12 87 84 27 51 53 77 64 18 96 80 49 72 43 5 11 70 40 94 39 13 14 59 58 46 92 37 23 62 68 44 76    -2.44424443569 2.67481552224
72 49 5 6 27 66 63 20 8 94 93 1 80 7 12 92 54 13 42 25 23 46 82 30 90 43 17 33 65 32 50 26 85 57 74 62 58 24 14 68 51 97 4 78 76 18 10 99 21 81 29 77 96 98 84 44 59 88 9 73 86 3 69 48 37 39 67 31 45 89 83 0 40 2 28 64 71 22 79 34 70 11 91 53 87 56 52 38 55 61 15 16 35 75 95 36 60 41 19 47    -1.04058941586 -2.59737318184
32 82 17 42 85 54 33 7 1 24 57 25 99 29 78 74 93 65 98 66 63 3 8 45 20 50 6 26 27 34 83 89 31 30 69 56 49 91 88 97 38 5 52 72 48 55 81 12 90 73 35 9 75 86 10 4 61 80 94 43 67 36 21 51 0 13 2 84 16 28 77 18 92 15 71 96 46 41 23 79 14 58 22 60 87 64 59 53 62 95 39 40 47 11 70 68 37 19 76 44    -2.12826688755 -0.25728497147
43 80 58 14 12 90 13 51 18 46 77 96 59 62 30 21 92 84 94 23 39 68 37 4 76 44 10 40 6 26 50 97 81 64 72 67 70 11 22 9 53 79 93 73 2 87 65 0 28 86 71 66 88 49 7 48 63 33 74 54 1 42 95 69 8 5 57 27 20 82 32 17 31 89 15 78 19 24 60 83 25 85 16 98 41 47 99 29 3 36 45 52 91 61 34 56 55 38 75 35    1.37792812368 -1.43930016744
33 57 74 32 65 24 7 42 54 78 82 85 17 93 98 1 99 29 50 3 25 26 45 66 83 89 31 69 63 88 97 30 8 6 48 34 81 73 20 91 9 86 52 56 10 90 4 12 38 27 55 61 49 35 75 72 80 67 5 0 21 36 43 51 94 2 28 16 84 71 15 77 18 13 96 41 79 22 60 92 46 14 58 87 23 64 95 53 59 39 47 40 11 70 62 19 37 68 76 44    -1.54476310663 0.0662293015238
43 14 51 18 58 77 96 90 59 80 12 21 84 13 39 30 37 46 62 4 40 10 68 92 23 44 94 76 26 64 97 81 50 70 11 67 22 6 53 79 87 2 9 0 28 73 71 86 72 65 93 88 48 66 95 7 49 74 69 33 63 54 57 42 1 19 15 31 8 60 82 5 89 32 27 20 16 17 83 78 24 41 47 85 98 25 99 36 3 29 45 61 52 91 34 56 55 75 38 35    1.58397545854 -1.17309350581
90 30 4 21 51 10 12 77 18 26 84 97 50 81 96 43 80 67 9 73 14 58 86 59 39 0 2 28 13 65 22 64 88 79 40 71 6 48 87 53 46 11 70 37 94 93 92 62 69 74 7 23 33 68 66 57 95 31 72 54 44 89 76 42 15 83 1 32 16 82 78 63 60 24 17 19 49 98 41 85 8 47 20 27 25 36 5 99 3 45 29 52 61 91 34 56 75 55 38 35    0.908471393664 -0.441433977099
20 27 8 5 63 25 49 66 1 54 17 82 42 72 93 7 6 32 85 33 29 24 99 57 65 94 74 78 98 12 80 30 50 92 3 13 26 90 45 23 46 43 97 34 83 4 81 88 10 89 56 38 31 69 51 91 62 73 48 9 58 55 52 21 14 86 18 35 68 77 75 96 84 76 67 61 59 44 0 2 28 39 37 71 36 79 22 40 64 16 15 87 53 41 11 70 60 95 47 19    -2.98048894093 -2.59745182029
29 99 3 45 98 24 85 78 34 32 57 38 56 17 33 82 74 55 42 91 35 54 75 52 25 1 7 83 65 89 31 93 61 69 63 88 66 50 8 48 26 20 36 97 73 86 9 27 81 6 30 10 4 49 16 5 90 41 12 15 72 67 0 2 28 80 60 71 21 51 43 94 79 84 77 47 18 22 96 95 13 87 92 53 64 46 19 14 58 23 39 11 40 59 70 62 37 68 76 44    -2.87812542523 0.880272672752
92 94 23 13 46 80 72 43 62 12 6 68 76 58 14 90 49 44 30 66 5 51 18 59 63 27 93 77 96 37 8 21 20 50 84 26 39 4 7 10 65 1 97 54 81 42 40 33 82 25 17 67 74 64 32 9 73 57 70 11 86 22 88 0 2 79 53 85 28 87 24 71 48 78 69 98 99 31 89 29 83 95 3 15 45 16 60 19 41 91 52 34 47 36 56 61 38 55 75 35    0.668420206052 -2.87824923267
62 58 68 46 14 76 13 44 23 43 92 80 59 37 94 12 18 51 90 96 39 77 21 84 30 40 6 4 72 10 64 70 11 26 50 97 81 22 53 67 49 87 66 79 93 2 9 28 0 71 65 73 86 63 5 7 27 88 8 20 54 48 1 33 95 42 74 82 57 69 17 32 19 25 31 15 24 78 89 60 85 16 83 98 47 41 99 29 3 36 45 52 91 61 34 56 38 55 75 35    1.92312932288 -2.25553474359
